2025-06-16 00:52:01,261 INFO: 处理 new_domains/2025-06-16.txt，共 69025 个域名
2025-06-16 00:52:01,557 INFO: bestshoesboot.com | borndate: 2021-03-18T14:05:54Z
2025-06-16 00:52:01,558 INFO: tellyo.com | borndate: 2011-12-30T10:51:12Z
2025-06-16 00:52:01,558 INFO: aerodome.com | borndate: 2003-05-10T18:05:07Z
2025-06-16 00:52:01,559 INFO: dgengines.com | borndate: 2014-01-15T00:39:47Z
2025-06-16 00:52:01,560 INFO: wo0f-w0of.com | borndate: 2024-08-10T10:04:04Z
2025-06-16 00:52:01,560 INFO: xprimehub.lat | borndate: 2024-09-10T17:30:26Z
2025-06-16 00:52:01,560 INFO: banxia.la | borndate: 2024-11-23T09:58:10Z
2025-06-16 00:52:01,561 INFO: khmb.ru | borndate: 2023-01-11T14:06:15Z
2025-06-16 00:52:01,561 INFO: imtext.net | borndate: 2024-05-15T14:29:21Z
2025-06-16 00:52:02,038 INFO: kra33.cc | borndate: 2024-08-14T09:33:45Z
2025-06-16 00:52:02,042 INFO: 1abc.in | borndate: 2024-05-21T09:02:07Z
2025-06-16 00:52:02,042 INFO: fnbomaha.com | borndate: 1996-06-01T00:00:00Z
2025-06-16 00:52:02,042 INFO: adityabirlacapitaldigital.com | borndate: 2023-07-14T08:44:56Z
2025-06-16 00:52:02,044 INFO: bedrockplatform.bid | borndate: 2024-12-12T12:03:41Z
2025-06-16 00:52:02,046 INFO: mybuz.sg | borndate: 2014-06-03T09:46:14Z
2025-06-16 00:52:02,052 INFO: xxxy.biz | borndate: 2001-11-07T08:27:02Z
2025-06-16 00:52:03,039 INFO: racelyn.com | borndate: 2007-11-05T16:04:54Z
2025-06-16 00:52:03,044 INFO: vossenchemicals.com | borndate: 2018-12-13T21:54:45Z
2025-06-16 00:52:03,055 INFO: practicalservicedesign.com | borndate: 2015-01-25T21:46:30Z
2025-06-16 00:52:03,061 INFO: klon.net.pl | borndate: 2001-08-31T13:00:00Z
2025-06-16 00:52:03,065 INFO: bhelherp.com | borndate: 2009-03-09T07:09:40Z
2025-06-16 00:52:03,065 INFO: kalfinancial.com | borndate: 2009-01-09T00:22:45Z
2025-06-16 00:52:03,067 INFO: filma24.bond | borndate: 2024-09-10T19:58:18Z
2025-06-16 00:52:03,068 INFO: yborfilmfestival.com | borndate: 2020-04-18T06:56:54Z
2025-06-16 00:52:04,036 INFO: a33only.xyz | borndate: 2024-10-31T14:55:48Z
2025-06-16 00:52:04,038 INFO: 1xlite-875274.top | borndate: 2024-09-02T08:20:15Z
2025-06-16 00:52:04,048 INFO: thakehamfurniture.co.uk | borndate: 2009-03-13T00:00:00Z
2025-06-16 00:52:04,050 INFO: trendzpace.com | borndate: 2024-01-07T08:24:11Z
2025-06-16 00:52:04,051 INFO: flightnetwork.co.za | borndate: 2008-02-26T10:39:37Z
2025-06-16 00:52:04,058 INFO: rumahbbfs.land | borndate: 2024-12-28T15:41:56Z
2025-06-16 00:53:00,046 INFO: mayorautos.com | borndate: 2005-02-03T16:02:01Z
2025-06-16 00:53:00,047 INFO: mbulshop.com | borndate: 2024-09-26T19:50:08Z
2025-06-16 00:53:00,047 INFO: mb661.ltd | borndate: 2024-12-29T13:20:37Z
2025-06-16 00:53:00,056 INFO: mawarslot99.com | borndate: 2024-07-15T11:13:30Z
2025-06-16 00:53:01,042 INFO: payadvice.uk | borndate: 2019-08-10T00:00:00Z
2025-06-16 00:53:02,091 INFO: schobot.com | borndate: 2021-12-15T14:12:14Z
2025-06-16 00:53:02,092 INFO: schweriner-sc.com | borndate: 2001-01-12T03:57:24Z
2025-06-16 00:53:02,096 INFO: seguru.io | borndate: 2016-02-21T01:23:11Z
2025-06-16 00:53:02,096 INFO: scholarshipstatus.co.in | borndate: 2024-12-01T08:36:45Z
2025-06-16 00:53:03,066 INFO: thecannerygb.com | borndate: 2023-02-06T10:03:32Z
2025-06-16 00:53:03,274 INFO: tokyo77vip.site | borndate: 2024-12-18T11:25:31Z
2025-06-16 00:53:03,274 INFO: top111-one.hair | borndate: 2024-12-02T20:07:46Z
2025-06-16 00:53:03,274 INFO: tjspizzasiloamsprings.com | borndate: 2018-03-08T12:52:11Z
2025-06-16 00:53:03,274 INFO: tixre.com | borndate: 2023-10-01T11:45:08Z
2025-06-16 00:53:03,275 INFO: toolchina.com | borndate: 1998-11-25T05:00:00Z
2025-06-16 00:53:13,815 INFO: 已保存结果到 ./borndate_results/2025-06-16.csv, 失败 0 个
